

HI-TECH Software PIC LITE Macro Assembler V9.83 build 10920 
                                                                                               Fri Oct 18 19:03:29 2013

HI-TECH Software Omniscient Code Generator (Lite mode) build 10920
     1  0000                     opt subtitle "HI-TECH Software Omniscient Code Generator (Lite mode) build 10920"
     2                           
     3                           opt pagewidth 120
     4                           
     5                           	opt lm
     6                           
     7                           	processor	16F877A
     8                           clrc	macro
     9                           	bcf	3,0
    10  0000                     	endm
    11                           clrz	macro
    12                           	bcf	3,2
    13  0000                     	endm
    14                           setc	macro
    15                           	bsf	3,0
    16  0000                     	endm
    17                           setz	macro
    18                           	bsf	3,2
    19  0000                     	endm
    20                           skipc	macro
    21                           	btfss	3,0
    22  0000                     	endm
    23                           skipz	macro
    24                           	btfss	3,2
    25  0000                     	endm
    26                           skipnc	macro
    27                           	btfsc	3,0
    28  0000                     	endm
    29                           skipnz	macro
    30                           	btfsc	3,2
    31  0000                     	endm
    32  0000                     indf	equ	0
    33  0000                     indf0	equ	0
    34  0002                     pc	equ	2
    35  0002                     pcl	equ	2
    36  0003                     status	equ	3
    37  0004                     fsr	equ	4
    38  0004                     fsr0	equ	4
    39  0001                     c	equ	1
    40  0000                     z	equ	0
    41  000A                     pclath	equ	10
    42                           	FNROOT	_main
    43                           	FNCALL	intlevel1,_routine
    44                           	global	intlevel1
    45                           	FNROOT	intlevel1
    46                           	global	_count
    47                           	global	_data
    48                           	global	_flag
    49                           	global	_ADRESH
    50                           psect	maintext,global,class=CODE,delta=2
    51                           global __pmaintext
    52  0015                     __pmaintext:
    53  001E                     _ADRESH	set	30
    54                           	global	_ADCS0
    55  00FE                     _ADCS0	set	254
    56                           	global	_ADCS1
    57  00FF                     _ADCS1	set	255
    58                           	global	_ADIF
    59  0066                     _ADIF	set	102
    60                           	global	_ADON
    61  00F8                     _ADON	set	248
    62                           	global	_CARRY
    63  0018                     _CARRY	set	24
    64                           	global	_CHS0
    65  00FB                     _CHS0	set	251
    66                           	global	_CHS1
    67  00FC                     _CHS1	set	252
    68                           	global	_CHS2
    69  00FD                     _CHS2	set	253
    70                           	global	_GIE
    71  005F                     _GIE	set	95
    72                           	global	_GO_DONE
    73  00FA                     _GO_DONE	set	250
    74                           	global	_INTE
    75  005C                     _INTE	set	92
    76                           	global	_INTF
    77  0059                     _INTF	set	89
    78                           	global	_PEIE
    79  005E                     _PEIE	set	94
    80                           	global	_RB1
    81  0031                     _RB1	set	49
    82                           	global	_RB2
    83  0032                     _RB2	set	50
    84                           	global	_RB3
    85  0033                     _RB3	set	51
    86                           	global	_TMR0IE
    87  005D                     _TMR0IE	set	93
    88                           	global	_TMR0IF
    89  005A                     _TMR0IF	set	90
    90                           	global	_TRISB
    91  0086                     _TRISB	set	134
    92                           	global	_ADCS2
    93  04FE                     _ADCS2	set	1278
    94                           	global	_ADFM
    95  04FF                     _ADFM	set	1279
    96                           	global	_ADIE
    97  0466                     _ADIE	set	1126
    98                           	global	_INTEDG
    99  040E                     _INTEDG	set	1038
   100                           	global	_PCFG0
   101  04F8                     _PCFG0	set	1272
   102                           	global	_PCFG1
   103  04F9                     _PCFG1	set	1273
   104                           	global	_PCFG2
   105  04FA                     _PCFG2	set	1274
   106                           	global	_PCFG3
   107  04FB                     _PCFG3	set	1275
   108                           	global	_PS0
   109  0408                     _PS0	set	1032
   110                           	global	_PS1
   111  0409                     _PS1	set	1033
   112                           	global	_PS2
   113  040A                     _PS2	set	1034
   114                           	global	_PSA
   115  040B                     _PSA	set	1035
   116                           	global	_T0CS
   117  040D                     _T0CS	set	1037
   118                           	global	_T0SE
   119  040C                     _T0SE	set	1036
   120                           	global	_TRISA0
   121  0428                     _TRISA0	set	1064
   122                           	global	_TRISA1
   123  0429                     _TRISA1	set	1065
   124                           	global	_TRISB1
   125  0431                     _TRISB1	set	1073
   126                           	global	_TRISB2
   127  0432                     _TRISB2	set	1074
   128                           	global	_TRISB3
   129  0433                     _TRISB3	set	1075
   130                           	global	_EEADR
   131  010D                     _EEADR	set	269
   132                           	global	_EEDATA
   133  010C                     _EEDATA	set	268
   134                           	global	_EECON1
   135  018C                     _EECON1	set	396
   136                           	global	_EECON2
   137  018D                     _EECON2	set	397
   138                           	global	_RD
   139  0C60                     _RD	set	3168
   140                           	global	_WR
   141  0C61                     _WR	set	3169
   142                           	global	_WREN
   143  0C62                     _WREN	set	3170
   144                           	file	"temporizador_2.as"
   145                           	line	#
   146                           psect cinit,class=CODE,delta=2
   147                           global start_initialization
   148  015A                     start_initialization:
   149                           
   150                           psect	bitbssCOMMON,class=COMMON,bit,space=1
   151                           global __pbitbssCOMMON
   152  03D0                     __pbitbssCOMMON:
   153  03D0                     _flag:
   154  03D0                            ds      1
   155                           
   156                           psect	bssCOMMON,class=COMMON,space=1
   157                           global __pbssCOMMON
   158  0078                     __pbssCOMMON:
   159  0078                     _count:
   160  0078                            ds      1
   161                           
   162  0079                     _data:
   163  0079                            ds      1
   164                           
   165                           ; Clear objects allocated to BITCOMMON
   166                           psect cinit,class=CODE,delta=2
   167  015A  01FA               	clrf	((__pbitbssCOMMON/8)+0)&07Fh
   168                           ; Clear objects allocated to COMMON
   169                           psect cinit,class=CODE,delta=2
   170  015B  01F8               	clrf	((__pbssCOMMON)+0)&07Fh
   171  015C  01F9               	clrf	((__pbssCOMMON)+1)&07Fh
   172                           psect cinit,class=CODE,delta=2
   173                           global end_of_initialization
   174                           
   175                           ;End of C runtime variable initialization code
   176                           
   177  015D                     end_of_initialization:
   178  015D  0183               clrf status
   179  015E  120A  118A  2815   ljmp _main	;jump to C main() function
   180                           psect	cstackCOMMON,class=COMMON,space=1
   181                           global __pcstackCOMMON
   182  0070                     __pcstackCOMMON:
   183                           	global	?_routine
   184  0070                     ?_routine:	; 0 bytes @ 0x0
   185                           	global	??_routine
   186  0070                     ??_routine:	; 0 bytes @ 0x0
   187                           	global	?_main
   188  0070                     ?_main:	; 0 bytes @ 0x0
   189  0070                     	ds	5
   190                           	global	??_main
   191  0075                     ??_main:	; 0 bytes @ 0x5
   192  0075                     	ds	3
   193 ;;Data sizes: Strings 0, constant 0, data 0, bss 2, persistent 0 stack 0
   194 ;;Auto spaces:   Size  Autos    Used
   195 ;; COMMON          14      8      11
   196 ;; BANK0           80      0       0
   197 ;; BANK1           80      0       0
   198 ;; BANK3           96      0       0
   199 ;; BANK2           96      0       0
   200                           
   201 ;;
   202 ;; Pointer list with targets:
   203                           
   204                           
   205                           
   206 ;;
   207 ;; Critical Paths under _main in COMMON
   208 ;;
   209 ;;   None.
   210 ;;
   211 ;; Critical Paths under _routine in COMMON
   212 ;;
   213 ;;   None.
   214 ;;
   215 ;; Critical Paths under _main in BANK0
   216 ;;
   217 ;;   None.
   218 ;;
   219 ;; Critical Paths under _routine in BANK0
   220 ;;
   221 ;;   None.
   222 ;;
   223 ;; Critical Paths under _main in BANK1
   224 ;;
   225 ;;   None.
   226 ;;
   227 ;; Critical Paths under _routine in BANK1
   228 ;;
   229 ;;   None.
   230 ;;
   231 ;; Critical Paths under _main in BANK3
   232 ;;
   233 ;;   None.
   234 ;;
   235 ;; Critical Paths under _routine in BANK3
   236 ;;
   237 ;;   None.
   238 ;;
   239 ;; Critical Paths under _main in BANK2
   240 ;;
   241 ;;   None.
   242 ;;
   243 ;; Critical Paths under _routine in BANK2
   244 ;;
   245 ;;   None.
   246                           
   247 ;;
   248 ;;Main: autosize = 0, tempsize = 3, incstack = 0, save=0
   249 ;;
   250                           
   251 ;;
   252 ;;Call Graph Tables:
   253 ;;
   254 ;; ---------------------------------------------------------------------------------
   255 ;; (Depth) Function   	        Calls       Base Space   Used Autos Params    Refs
   256 ;; ---------------------------------------------------------------------------------
   257 ;; (0) _main                                                 3     3      0       0
   258 ;;                                              5 COMMON     3     3      0
   259 ;; ---------------------------------------------------------------------------------
   260 ;; Estimated maximum stack depth 0
   261 ;; ---------------------------------------------------------------------------------
   262 ;; (Depth) Function   	        Calls       Base Space   Used Autos Params    Refs
   263 ;; ---------------------------------------------------------------------------------
   264 ;; (1) _routine                                              5     5      0       0
   265 ;;                                              0 COMMON     5     5      0
   266 ;; ---------------------------------------------------------------------------------
   267 ;; Estimated maximum stack depth 1
   268 ;; ---------------------------------------------------------------------------------
   269                           
   270 ;; Call Graph Graphs:
   271                           
   272 ;; _main (ROOT)
   273 ;;
   274 ;; _routine (ROOT)
   275 ;;
   276                           
   277 ;; Address spaces:
   278                           
   279 ;;Name               Size   Autos  Total    Cost      Usage
   280 ;;BITCOMMON            E      0       1       0        7.1%
   281 ;;EEDATA             100      0       0       0        0.0%
   282 ;;NULL                 0      0       0       0        0.0%
   283 ;;CODE                 0      0       0       0        0.0%
   284 ;;COMMON               E      8       B       1       78.6%
   285 ;;BITSFR0              0      0       0       1        0.0%
   286 ;;SFR0                 0      0       0       1        0.0%
   287 ;;BITSFR1              0      0       0       2        0.0%
   288 ;;SFR1                 0      0       0       2        0.0%
   289 ;;STACK                0      0       0       2        0.0%
   290 ;;ABS                  0      0       B       3        0.0%
   291 ;;BITBANK0            50      0       0       4        0.0%
   292 ;;BITSFR3              0      0       0       4        0.0%
   293 ;;SFR3                 0      0       0       4        0.0%
   294 ;;BANK0               50      0       0       5        0.0%
   295 ;;BITSFR2              0      0       0       5        0.0%
   296 ;;SFR2                 0      0       0       5        0.0%
   297 ;;BITBANK1            50      0       0       6        0.0%
   298 ;;BANK1               50      0       0       7        0.0%
   299 ;;BITBANK3            60      0       0       8        0.0%
   300 ;;BANK3               60      0       0       9        0.0%
   301 ;;BITBANK2            60      0       0      10        0.0%
   302 ;;BANK2               60      0       0      11        0.0%
   303 ;;DATA                 0      0       B      12        0.0%
   304                           
   305                           	global	_main
   306                           psect	maintext
   307                           
   308 ;; *************** function _main *****************
   309 ;; Defined at:
   310 ;;		line 60 in file "C:\Documents and Settings\Admin\Desktop\Microcontroladores - Felipe, Gugu e Bia\temporizador_2\temp
       orizador_2.c"
   311 ;; Parameters:    Size  Location     Type
   312 ;;		None
   313 ;; Auto vars:     Size  Location     Type
   314 ;;		None
   315 ;; Return value:  Size  Location     Type
   316 ;;		None               void
   317 ;; Registers used:
   318 ;;		wreg
   319 ;; Tracked objects:
   320 ;;		On entry : 17F/0
   321 ;;		On exit  : 0/0
   322 ;;		Unchanged: 0/0
   323 ;; Data sizes:     COMMON   BANK0   BANK1   BANK3   BANK2
   324 ;;      Params:         0       0       0       0       0
   325 ;;      Locals:         0       0       0       0       0
   326 ;;      Temps:          3       0       0       0       0
   327 ;;      Totals:         3       0       0       0       0
   328 ;;Total ram usage:        3 bytes
   329 ;; Hardware stack levels required when called:    1
   330 ;; This function calls:
   331 ;;		Nothing
   332 ;; This function is called by:
   333 ;;		Startup code after reset
   334 ;; This function uses a non-reentrant model
   335 ;;
   336                           psect	maintext
   337                           	file	"C:\Documents and Settings\Admin\Desktop\Microcontroladores - Felipe, Gugu e Bia\t
                                 emporizador_2\temporizador_2.c"
   338                           	line	60
   339                           	global	__size_of_main
   340  0107                     	__size_of_main	equ	__end_of_main-_main
   341                           	
   342  0015                     _main:	
   343                           	opt	stack 7
   344                           ; Regs used in _main: [wreg]
   345                           	line	61
   346                           	
   347  0015                     l2642:	
   348                           # 61 "C:\Documents and Settings\Admin\Desktop\Microcontroladores - Felipe, Gugu e Bia\te
                                 mporizador_2\temporizador_2.c"
   349                           	psect config,class=CONFIG,delta=2 ;#
   350                           # 61 "C:\Documents and Settings\Admin\Desktop\Microcontroladores - Felipe, Gugu e Bia\te
                                 mporizador_2\temporizador_2.c"
   351  2007  FF3A               	dw 0xFFFF & 0xFFFB & 0xFFBF & 0xFFFF & 0xFFFE & 0xFFFF & 0xFF7F & 0xFFFF ;#
   352                           psect	maintext
   353                           	line	63
   354                           ;temporizador_2.c: 63: TRISA0 = 1;
   355  0015  1683               	bsf	status, 5	;RP0=1, select bank1
   356  0016  1303               	bcf	status, 6	;RP1=0, select bank1
   357  0017  1405               	bsf	(1064/8)^080h,(1064)&7
   358                           	line	64
   359                           ;temporizador_2.c: 64: TRISA1 = 1;
   360  0018  1485               	bsf	(1065/8)^080h,(1065)&7
   361                           	line	66
   362                           	
   363  0019                     l2644:	
   364                           ;temporizador_2.c: 66: TRISB = 0b11111111;
   365  0019  30FF               	movlw	(0FFh)
   366  001A  0086               	movwf	(134)^080h	;volatile
   367                           	line	67
   368                           	
   369  001B                     l2646:	
   370                           ;temporizador_2.c: 67: TRISB1 = 0;
   371  001B  1086               	bcf	(1073/8)^080h,(1073)&7
   372                           	line	68
   373                           	
   374  001C                     l2648:	
   375                           ;temporizador_2.c: 68: TRISB2 = 0;
   376  001C  1106               	bcf	(1074/8)^080h,(1074)&7
   377                           	line	69
   378                           	
   379  001D                     l2650:	
   380                           ;temporizador_2.c: 69: TRISB3 = 0;
   381  001D  1186               	bcf	(1075/8)^080h,(1075)&7
   382                           	line	71
   383                           	
   384  001E                     l2652:	
   385                           ;temporizador_2.c: 71: INTE = 1;
   386  001E  160B               	bsf	(92/8),(92)&7
   387                           	line	72
   388                           	
   389  001F                     l2654:	
   390                           ;temporizador_2.c: 72: INTF = 0;
   391  001F  108B               	bcf	(89/8),(89)&7
   392                           	line	73
   393                           	
   394  0020                     l2656:	
   395                           ;temporizador_2.c: 73: INTEDG = 1;
   396  0020  1701               	bsf	(1038/8)^080h,(1038)&7
   397                           	line	75
   398                           	
   399  0021                     l2658:	
   400                           ;temporizador_2.c: 75: ADCS1 = 1;
   401  0021  1283               	bcf	status, 5	;RP0=0, select bank0
   402  0022  1303               	bcf	status, 6	;RP1=0, select bank0
   403  0023  179F               	bsf	(255/8),(255)&7
   404                           	line	76
   405                           	
   406  0024                     l2660:	
   407                           ;temporizador_2.c: 76: ADCS2 = 1;
   408  0024  1683               	bsf	status, 5	;RP0=1, select bank1
   409  0025  1303               	bcf	status, 6	;RP1=0, select bank1
   410  0026  171F               	bsf	(1278/8)^080h,(1278)&7
   411                           	line	77
   412                           	
   413  0027                     l2662:	
   414                           ;temporizador_2.c: 77: ADCS0 = 0;
   415  0027  1283               	bcf	status, 5	;RP0=0, select bank0
   416  0028  1303               	bcf	status, 6	;RP1=0, select bank0
   417  0029  131F               	bcf	(254/8),(254)&7
   418                           	line	79
   419                           	
   420  002A                     l2664:	
   421                           ;temporizador_2.c: 79: CHS0 = 0;
   422  002A  119F               	bcf	(251/8),(251)&7
   423                           	line	80
   424                           	
   425  002B                     l2666:	
   426                           ;temporizador_2.c: 80: CHS1 = 0;
   427  002B  121F               	bcf	(252/8),(252)&7
   428                           	line	81
   429                           	
   430  002C                     l2668:	
   431                           ;temporizador_2.c: 81: CHS2 = 0;
   432  002C  129F               	bcf	(253/8),(253)&7
   433                           	line	83
   434                           	
   435  002D                     l2670:	
   436                           ;temporizador_2.c: 83: ADFM = 0;
   437  002D  1683               	bsf	status, 5	;RP0=1, select bank1
   438  002E  1303               	bcf	status, 6	;RP1=0, select bank1
   439  002F  139F               	bcf	(1279/8)^080h,(1279)&7
   440                           	line	85
   441                           	
   442  0030                     l2672:	
   443                           ;temporizador_2.c: 85: PCFG3 = 1;
   444  0030  159F               	bsf	(1275/8)^080h,(1275)&7
   445                           	line	86
   446                           	
   447  0031                     l2674:	
   448                           ;temporizador_2.c: 86: PCFG2 = 1;
   449  0031  151F               	bsf	(1274/8)^080h,(1274)&7
   450                           	line	87
   451                           	
   452  0032                     l2676:	
   453                           ;temporizador_2.c: 87: PCFG1 = 1;
   454  0032  149F               	bsf	(1273/8)^080h,(1273)&7
   455                           	line	88
   456                           	
   457  0033                     l2678:	
   458                           ;temporizador_2.c: 88: PCFG0 = 0;
   459  0033  101F               	bcf	(1272/8)^080h,(1272)&7
   460                           	line	91
   461                           	
   462  0034                     l2680:	
   463                           ;temporizador_2.c: 91: T0CS = 0;
   464  0034  1281               	bcf	(1037/8)^080h,(1037)&7
   465                           	line	92
   466                           	
   467  0035                     l2682:	
   468                           ;temporizador_2.c: 92: T0SE = 0;
   469  0035  1201               	bcf	(1036/8)^080h,(1036)&7
   470                           	line	93
   471                           	
   472  0036                     l2684:	
   473                           ;temporizador_2.c: 93: PSA = 0;
   474  0036  1181               	bcf	(1035/8)^080h,(1035)&7
   475                           	line	94
   476                           	
   477  0037                     l2686:	
   478                           ;temporizador_2.c: 94: PS2 = 1;
   479  0037  1501               	bsf	(1034/8)^080h,(1034)&7
   480                           	line	95
   481                           	
   482  0038                     l2688:	
   483                           ;temporizador_2.c: 95: PS1 = 1;
   484  0038  1481               	bsf	(1033/8)^080h,(1033)&7
   485                           	line	96
   486                           	
   487  0039                     l2690:	
   488                           ;temporizador_2.c: 96: PS0 = 1;
   489  0039  1401               	bsf	(1032/8)^080h,(1032)&7
   490                           	line	98
   491                           	
   492  003A                     l2692:	
   493                           ;temporizador_2.c: 98: TMR0IF = 0;
   494  003A  110B               	bcf	(90/8),(90)&7
   495                           	line	99
   496                           	
   497  003B                     l2694:	
   498                           ;temporizador_2.c: 99: TMR0IE = 1;
   499  003B  168B               	bsf	(93/8),(93)&7
   500                           	line	100
   501                           	
   502  003C                     l2696:	
   503                           ;temporizador_2.c: 100: ADIF = 0;
   504  003C  1283               	bcf	status, 5	;RP0=0, select bank0
   505  003D  1303               	bcf	status, 6	;RP1=0, select bank0
   506  003E  130C               	bcf	(102/8),(102)&7
   507                           	line	101
   508                           	
   509  003F                     l2698:	
   510                           ;temporizador_2.c: 101: ADIE = 1;
   511  003F  1683               	bsf	status, 5	;RP0=1, select bank1
   512  0040  1303               	bcf	status, 6	;RP1=0, select bank1
   513  0041  170C               	bsf	(1126/8)^080h,(1126)&7
   514                           	line	102
   515                           	
   516  0042                     l2700:	
   517                           ;temporizador_2.c: 102: PEIE = 1;
   518  0042  170B               	bsf	(94/8),(94)&7
   519                           	line	103
   520                           	
   521  0043                     l2702:	
   522                           ;temporizador_2.c: 103: GIE = 1;
   523  0043  178B               	bsf	(95/8),(95)&7
   524                           	line	108
   525                           	
   526  0044                     l2704:	
   527                           ;temporizador_2.c: 108: RB1 = 1;
   528  0044  1283               	bcf	status, 5	;RP0=0, select bank0
   529  0045  1303               	bcf	status, 6	;RP1=0, select bank0
   530  0046  1486               	bsf	(49/8),(49)&7
   531                           	line	109
   532                           ;temporizador_2.c: 109: _delay((unsigned long)((500)*(20000000/4000.0)));
   533                           	opt asmopt_off
   534  0047  300D               movlw  13
   535  0048  00F7               movwf	((??_main+0)+0+2),f
   536  0049  30AF               movlw	175
   537  004A  00F6               movwf	((??_main+0)+0+1),f
   538  004B  30C1               	movlw	193
   539  004C  00F5               movwf	((??_main+0)+0),f
   540  004D                     u2307:
   541  004D  0BF5               	decfsz	((??_main+0)+0),f
   542  004E  284D               	goto	u2307
   543  004F  0BF6               	decfsz	((??_main+0)+0+1),f
   544  0050  284D               	goto	u2307
   545  0051  0BF7               	decfsz	((??_main+0)+0+2),f
   546  0052  284D               	goto	u2307
   547  0053  0064               	clrwdt
   548                           opt asmopt_on
   549                           
   550                           	line	110
   551                           	
   552  0054                     l2706:	
   553                           ;temporizador_2.c: 110: RB1 = 0;
   554  0054  1283               	bcf	status, 5	;RP0=0, select bank0
   555  0055  1303               	bcf	status, 6	;RP1=0, select bank0
   556  0056  1086               	bcf	(49/8),(49)&7
   557                           	line	111
   558                           ;temporizador_2.c: 111: _delay((unsigned long)((500)*(20000000/4000.0)));
   559                           	opt asmopt_off
   560  0057  300D               movlw  13
   561  0058  00F7               movwf	((??_main+0)+0+2),f
   562  0059  30AF               movlw	175
   563  005A  00F6               movwf	((??_main+0)+0+1),f
   564  005B  30C1               	movlw	193
   565  005C  00F5               movwf	((??_main+0)+0),f
   566  005D                     u2317:
   567  005D  0BF5               	decfsz	((??_main+0)+0),f
   568  005E  285D               	goto	u2317
   569  005F  0BF6               	decfsz	((??_main+0)+0+1),f
   570  0060  285D               	goto	u2317
   571  0061  0BF7               	decfsz	((??_main+0)+0+2),f
   572  0062  285D               	goto	u2317
   573  0063  0064               	clrwdt
   574                           opt asmopt_on
   575                           
   576                           	line	112
   577                           	
   578  0064                     l2708:	
   579                           ;temporizador_2.c: 112: RB1 = 1;
   580  0064  1283               	bcf	status, 5	;RP0=0, select bank0
   581  0065  1303               	bcf	status, 6	;RP1=0, select bank0
   582  0066  1486               	bsf	(49/8),(49)&7
   583                           	line	113
   584                           ;temporizador_2.c: 113: _delay((unsigned long)((500)*(20000000/4000.0)));
   585                           	opt asmopt_off
   586  0067  300D               movlw  13
   587  0068  00F7               movwf	((??_main+0)+0+2),f
   588  0069  30AF               movlw	175
   589  006A  00F6               movwf	((??_main+0)+0+1),f
   590  006B  30C1               	movlw	193
   591  006C  00F5               movwf	((??_main+0)+0),f
   592  006D                     u2327:
   593  006D  0BF5               	decfsz	((??_main+0)+0),f
   594  006E  286D               	goto	u2327
   595  006F  0BF6               	decfsz	((??_main+0)+0+1),f
   596  0070  286D               	goto	u2327
   597  0071  0BF7               	decfsz	((??_main+0)+0+2),f
   598  0072  286D               	goto	u2327
   599  0073  0064               	clrwdt
   600                           opt asmopt_on
   601                           
   602                           	line	114
   603                           	
   604  0074                     l2710:	
   605                           ;temporizador_2.c: 114: RB1 = 0;
   606  0074  1283               	bcf	status, 5	;RP0=0, select bank0
   607  0075  1303               	bcf	status, 6	;RP1=0, select bank0
   608  0076  1086               	bcf	(49/8),(49)&7
   609                           	line	115
   610                           ;temporizador_2.c: 115: _delay((unsigned long)((500)*(20000000/4000.0)));
   611                           	opt asmopt_off
   612  0077  300D               movlw  13
   613  0078  00F7               movwf	((??_main+0)+0+2),f
   614  0079  30AF               movlw	175
   615  007A  00F6               movwf	((??_main+0)+0+1),f
   616  007B  30C1               	movlw	193
   617  007C  00F5               movwf	((??_main+0)+0),f
   618  007D                     u2337:
   619  007D  0BF5               	decfsz	((??_main+0)+0),f
   620  007E  287D               	goto	u2337
   621  007F  0BF6               	decfsz	((??_main+0)+0+1),f
   622  0080  287D               	goto	u2337
   623  0081  0BF7               	decfsz	((??_main+0)+0+2),f
   624  0082  287D               	goto	u2337
   625  0083  0064               	clrwdt
   626                           opt asmopt_on
   627                           
   628                           	line	117
   629                           	
   630  0084                     l2712:	
   631                           ;temporizador_2.c: 117: RB2 = 1;
   632  0084  1283               	bcf	status, 5	;RP0=0, select bank0
   633  0085  1303               	bcf	status, 6	;RP1=0, select bank0
   634  0086  1506               	bsf	(50/8),(50)&7
   635                           	line	118
   636                           ;temporizador_2.c: 118: _delay((unsigned long)((500)*(20000000/4000.0)));
   637                           	opt asmopt_off
   638  0087  300D               movlw  13
   639  0088  00F7               movwf	((??_main+0)+0+2),f
   640  0089  30AF               movlw	175
   641  008A  00F6               movwf	((??_main+0)+0+1),f
   642  008B  30C1               	movlw	193
   643  008C  00F5               movwf	((??_main+0)+0),f
   644  008D                     u2347:
   645  008D  0BF5               	decfsz	((??_main+0)+0),f
   646  008E  288D               	goto	u2347
   647  008F  0BF6               	decfsz	((??_main+0)+0+1),f
   648  0090  288D               	goto	u2347
   649  0091  0BF7               	decfsz	((??_main+0)+0+2),f
   650  0092  288D               	goto	u2347
   651  0093  0064               	clrwdt
   652                           opt asmopt_on
   653                           
   654                           	line	119
   655                           	
   656  0094                     l2714:	
   657                           ;temporizador_2.c: 119: RB2 = 0;
   658  0094  1283               	bcf	status, 5	;RP0=0, select bank0
   659  0095  1303               	bcf	status, 6	;RP1=0, select bank0
   660  0096  1106               	bcf	(50/8),(50)&7
   661                           	line	120
   662                           ;temporizador_2.c: 120: _delay((unsigned long)((500)*(20000000/4000.0)));
   663                           	opt asmopt_off
   664  0097  300D               movlw  13
   665  0098  00F7               movwf	((??_main+0)+0+2),f
   666  0099  30AF               movlw	175
   667  009A  00F6               movwf	((??_main+0)+0+1),f
   668  009B  30C1               	movlw	193
   669  009C  00F5               movwf	((??_main+0)+0),f
   670  009D                     u2357:
   671  009D  0BF5               	decfsz	((??_main+0)+0),f
   672  009E  289D               	goto	u2357
   673  009F  0BF6               	decfsz	((??_main+0)+0+1),f
   674  00A0  289D               	goto	u2357
   675  00A1  0BF7               	decfsz	((??_main+0)+0+2),f
   676  00A2  289D               	goto	u2357
   677  00A3  0064               	clrwdt
   678                           opt asmopt_on
   679                           
   680                           	line	121
   681                           	
   682  00A4                     l2716:	
   683                           ;temporizador_2.c: 121: RB2 = 1;
   684  00A4  1283               	bcf	status, 5	;RP0=0, select bank0
   685  00A5  1303               	bcf	status, 6	;RP1=0, select bank0
   686  00A6  1506               	bsf	(50/8),(50)&7
   687                           	line	122
   688                           ;temporizador_2.c: 122: _delay((unsigned long)((500)*(20000000/4000.0)));
   689                           	opt asmopt_off
   690  00A7  300D               movlw  13
   691  00A8  00F7               movwf	((??_main+0)+0+2),f
   692  00A9  30AF               movlw	175
   693  00AA  00F6               movwf	((??_main+0)+0+1),f
   694  00AB  30C1               	movlw	193
   695  00AC  00F5               movwf	((??_main+0)+0),f
   696  00AD                     u2367:
   697  00AD  0BF5               	decfsz	((??_main+0)+0),f
   698  00AE  28AD               	goto	u2367
   699  00AF  0BF6               	decfsz	((??_main+0)+0+1),f
   700  00B0  28AD               	goto	u2367
   701  00B1  0BF7               	decfsz	((??_main+0)+0+2),f
   702  00B2  28AD               	goto	u2367
   703  00B3  0064               	clrwdt
   704                           opt asmopt_on
   705                           
   706                           	line	123
   707                           	
   708  00B4                     l2718:	
   709                           ;temporizador_2.c: 123: RB2 = 0;
   710  00B4  1283               	bcf	status, 5	;RP0=0, select bank0
   711  00B5  1303               	bcf	status, 6	;RP1=0, select bank0
   712  00B6  1106               	bcf	(50/8),(50)&7
   713                           	line	124
   714                           ;temporizador_2.c: 124: _delay((unsigned long)((500)*(20000000/4000.0)));
   715                           	opt asmopt_off
   716  00B7  300D               movlw  13
   717  00B8  00F7               movwf	((??_main+0)+0+2),f
   718  00B9  30AF               movlw	175
   719  00BA  00F6               movwf	((??_main+0)+0+1),f
   720  00BB  30C1               	movlw	193
   721  00BC  00F5               movwf	((??_main+0)+0),f
   722  00BD                     u2377:
   723  00BD  0BF5               	decfsz	((??_main+0)+0),f
   724  00BE  28BD               	goto	u2377
   725  00BF  0BF6               	decfsz	((??_main+0)+0+1),f
   726  00C0  28BD               	goto	u2377
   727  00C1  0BF7               	decfsz	((??_main+0)+0+2),f
   728  00C2  28BD               	goto	u2377
   729  00C3  0064               	clrwdt
   730                           opt asmopt_on
   731                           
   732                           	line	127
   733                           	
   734  00C4                     l2720:	
   735                           ;temporizador_2.c: 127: RB3 = 1;
   736  00C4  1283               	bcf	status, 5	;RP0=0, select bank0
   737  00C5  1303               	bcf	status, 6	;RP1=0, select bank0
   738  00C6  1586               	bsf	(51/8),(51)&7
   739                           	line	128
   740                           ;temporizador_2.c: 128: _delay((unsigned long)((500)*(20000000/4000.0)));
   741                           	opt asmopt_off
   742  00C7  300D               movlw  13
   743  00C8  00F7               movwf	((??_main+0)+0+2),f
   744  00C9  30AF               movlw	175
   745  00CA  00F6               movwf	((??_main+0)+0+1),f
   746  00CB  30C1               	movlw	193
   747  00CC  00F5               movwf	((??_main+0)+0),f
   748  00CD                     u2387:
   749  00CD  0BF5               	decfsz	((??_main+0)+0),f
   750  00CE  28CD               	goto	u2387
   751  00CF  0BF6               	decfsz	((??_main+0)+0+1),f
   752  00D0  28CD               	goto	u2387
   753  00D1  0BF7               	decfsz	((??_main+0)+0+2),f
   754  00D2  28CD               	goto	u2387
   755  00D3  0064               	clrwdt
   756                           opt asmopt_on
   757                           
   758                           	line	129
   759                           	
   760  00D4                     l2722:	
   761                           ;temporizador_2.c: 129: RB3 = 0;
   762  00D4  1283               	bcf	status, 5	;RP0=0, select bank0
   763  00D5  1303               	bcf	status, 6	;RP1=0, select bank0
   764  00D6  1186               	bcf	(51/8),(51)&7
   765                           	line	130
   766                           ;temporizador_2.c: 130: _delay((unsigned long)((500)*(20000000/4000.0)));
   767                           	opt asmopt_off
   768  00D7  300D               movlw  13
   769  00D8  00F7               movwf	((??_main+0)+0+2),f
   770  00D9  30AF               movlw	175
   771  00DA  00F6               movwf	((??_main+0)+0+1),f
   772  00DB  30C1               	movlw	193
   773  00DC  00F5               movwf	((??_main+0)+0),f
   774  00DD                     u2397:
   775  00DD  0BF5               	decfsz	((??_main+0)+0),f
   776  00DE  28DD               	goto	u2397
   777  00DF  0BF6               	decfsz	((??_main+0)+0+1),f
   778  00E0  28DD               	goto	u2397
   779  00E1  0BF7               	decfsz	((??_main+0)+0+2),f
   780  00E2  28DD               	goto	u2397
   781  00E3  0064               	clrwdt
   782                           opt asmopt_on
   783                           
   784                           	line	131
   785                           	
   786  00E4                     l2724:	
   787                           ;temporizador_2.c: 131: RB3 = 1;
   788  00E4  1283               	bcf	status, 5	;RP0=0, select bank0
   789  00E5  1303               	bcf	status, 6	;RP1=0, select bank0
   790  00E6  1586               	bsf	(51/8),(51)&7
   791                           	line	132
   792                           ;temporizador_2.c: 132: _delay((unsigned long)((500)*(20000000/4000.0)));
   793                           	opt asmopt_off
   794  00E7  300D               movlw  13
   795  00E8  00F7               movwf	((??_main+0)+0+2),f
   796  00E9  30AF               movlw	175
   797  00EA  00F6               movwf	((??_main+0)+0+1),f
   798  00EB  30C1               	movlw	193
   799  00EC  00F5               movwf	((??_main+0)+0),f
   800  00ED                     u2407:
   801  00ED  0BF5               	decfsz	((??_main+0)+0),f
   802  00EE  28ED               	goto	u2407
   803  00EF  0BF6               	decfsz	((??_main+0)+0+1),f
   804  00F0  28ED               	goto	u2407
   805  00F1  0BF7               	decfsz	((??_main+0)+0+2),f
   806  00F2  28ED               	goto	u2407
   807  00F3  0064               	clrwdt
   808                           opt asmopt_on
   809                           
   810                           	line	133
   811                           	
   812  00F4                     l2726:	
   813                           ;temporizador_2.c: 133: RB3 = 0;
   814  00F4  1283               	bcf	status, 5	;RP0=0, select bank0
   815  00F5  1303               	bcf	status, 6	;RP1=0, select bank0
   816  00F6  1186               	bcf	(51/8),(51)&7
   817                           	line	134
   818                           ;temporizador_2.c: 134: _delay((unsigned long)((500)*(20000000/4000.0)));
   819                           	opt asmopt_off
   820  00F7  300D               movlw  13
   821  00F8  00F7               movwf	((??_main+0)+0+2),f
   822  00F9  30AF               movlw	175
   823  00FA  00F6               movwf	((??_main+0)+0+1),f
   824  00FB  30C1               	movlw	193
   825  00FC  00F5               movwf	((??_main+0)+0),f
   826  00FD                     u2417:
   827  00FD  0BF5               	decfsz	((??_main+0)+0),f
   828  00FE  28FD               	goto	u2417
   829  00FF  0BF6               	decfsz	((??_main+0)+0+1),f
   830  0100  28FD               	goto	u2417
   831  0101  0BF7               	decfsz	((??_main+0)+0+2),f
   832  0102  28FD               	goto	u2417
   833  0103  0064               	clrwdt
   834                           opt asmopt_on
   835                           
   836                           	line	136
   837                           	
   838  0104                     l2728:	
   839                           ;temporizador_2.c: 136: ADON = 1;
   840  0104  1283               	bcf	status, 5	;RP0=0, select bank0
   841  0105  1303               	bcf	status, 6	;RP1=0, select bank0
   842  0106  141F               	bsf	(248/8),(248)&7
   843  0107  2908               	goto	l2730
   844                           	line	138
   845                           ;temporizador_2.c: 138: while(1)
   846                           	
   847  0108                     l700:	
   848                           	line	141
   849                           	
   850  0108                     l2730:	
   851                           ;temporizador_2.c: 139: {
   852                           ;temporizador_2.c: 141: if((data&0b10000000) == 0b10000000){RB3=1;}else{RB3=0;}
   853  0108  1FF9               	btfss	(_data),(7)&7
   854  0109  290B               	goto	u2281
   855  010A  290C               	goto	u2280
   856  010B                     u2281:
   857  010B  290E               	goto	l701
   858  010C                     u2280:
   859                           	
   860  010C                     l2732:	
   861  010C  1586               	bsf	(51/8),(51)&7
   862  010D  290F               	goto	l702
   863                           	
   864  010E                     l701:	
   865  010E  1186               	bcf	(51/8),(51)&7
   866                           	
   867  010F                     l702:	
   868                           	line	142
   869                           ;temporizador_2.c: 142: if((data&0b01000000) == 0b01000000){RB2=1;}else{RB2=0;}
   870  010F  1F79               	btfss	(_data),(6)&7
   871  0110  2912               	goto	u2291
   872  0111  2913               	goto	u2290
   873  0112                     u2291:
   874  0112  2915               	goto	l703
   875  0113                     u2290:
   876                           	
   877  0113                     l2734:	
   878  0113  1506               	bsf	(50/8),(50)&7
   879  0114  2908               	goto	l2730
   880                           	
   881  0115                     l703:	
   882  0115  1106               	bcf	(50/8),(50)&7
   883  0116  2908               	goto	l2730
   884                           	
   885  0117                     l704:	
   886  0117  2908               	goto	l2730
   887                           	line	144
   888                           	
   889  0118                     l705:	
   890                           	line	138
   891  0118  2908               	goto	l2730
   892                           	
   893  0119                     l706:	
   894                           	line	146
   895                           	
   896  0119                     l707:	
   897                           	global	start
   898  0119  120A  118A  2812   	ljmp	start
   899                           	opt stack 0
   900                           GLOBAL	__end_of_main
   901  011C                     	__end_of_main:
   902 ;; =============== function _main ends ============
   903                           
   904                           	signat	_main,88
   905                           	global	_routine
   906                           psect	text77,local,class=CODE,delta=2
   907                           global __ptext77
   908  011C                     __ptext77:
   909                           
   910 ;; *************** function _routine *****************
   911 ;; Defined at:
   912 ;;		line 20 in file "C:\Documents and Settings\Admin\Desktop\Microcontroladores - Felipe, Gugu e Bia\temporizador_2\temp
       orizador_2.c"
   913 ;; Parameters:    Size  Location     Type
   914 ;;		None
   915 ;; Auto vars:     Size  Location     Type
   916 ;;		None
   917 ;; Return value:  Size  Location     Type
   918 ;;		None               void
   919 ;; Registers used:
   920 ;;		wreg, status,2, status,0
   921 ;; Tracked objects:
   922 ;;		On entry : 0/0
   923 ;;		On exit  : 0/0
   924 ;;		Unchanged: 0/0
   925 ;; Data sizes:     COMMON   BANK0   BANK1   BANK3   BANK2
   926 ;;      Params:         0       0       0       0       0
   927 ;;      Locals:         0       0       0       0       0
   928 ;;      Temps:          5       0       0       0       0
   929 ;;      Totals:         5       0       0       0       0
   930 ;;Total ram usage:        5 bytes
   931 ;; Hardware stack levels used:    1
   932 ;; This function calls:
   933 ;;		Nothing
   934 ;; This function is called by:
   935 ;;		Interrupt level 1
   936 ;; This function uses a non-reentrant model
   937 ;;
   938                           psect	text77
   939                           	file	"C:\Documents and Settings\Admin\Desktop\Microcontroladores - Felipe, Gugu e Bia\t
                                 emporizador_2\temporizador_2.c"
   940                           	line	20
   941                           	global	__size_of_routine
   942  003E                     	__size_of_routine	equ	__end_of_routine-_routine
   943                           	
   944  011C                     _routine:	
   945                           	opt	stack 7
   946                           ; Regs used in _routine: [wreg+status,2+status,0]
   947                           psect	intentry,class=CODE,delta=2
   948                           global __pintentry
   949  0004                     __pintentry:
   950                           global interrupt_function
   951  0004                     interrupt_function:
   952                           	global saved_w
   953  007E                     	saved_w	set	btemp+0
   954  0004  00FE               	movwf	saved_w
   955  0005  0E03               	swapf	status,w
   956  0006  00F1               	movwf	(??_routine+1)
   957  0007  0804               	movf	fsr0,w
   958  0008  00F2               	movwf	(??_routine+2)
   959  0009  080A               	movf	pclath,w
   960  000A  00F3               	movwf	(??_routine+3)
   961  000B  1283               	bcf	status, 5	;RP0=0, select bank0
   962  000C  1303               	bcf	status, 6	;RP1=0, select bank0
   963  000D  087F               	movf	btemp+1,w
   964  000E  00F4               	movwf	(??_routine+4)
   965  000F  120A  118A  291C   	ljmp	_routine
   966                           psect	text77
   967                           	line	21
   968                           	
   969  011C                     i1l1754:	
   970                           ;temporizador_2.c: 21: if(INTF)
   971  011C  1C8B               	btfss	(89/8),(89)&7
   972  011D  291F               	goto	u1_21
   973  011E  2920               	goto	u1_20
   974  011F                     u1_21:
   975  011F  2926               	goto	i1l1764
   976  0120                     u1_20:
   977                           	line	24
   978                           	
   979  0120                     i1l1756:	
   980                           ;temporizador_2.c: 22: {
   981                           ;temporizador_2.c: 24: CHS0 = ~CHS0;
   982  0120  3008               	movlw	1<<((251)&7)
   983  0121  069F               	xorwf	((251)/8),f
   984                           	line	25
   985                           	
   986  0122                     i1l1758:	
   987                           ;temporizador_2.c: 25: CHS1 = 0;
   988  0122  121F               	bcf	(252/8),(252)&7
   989                           	line	26
   990                           	
   991  0123                     i1l1760:	
   992                           ;temporizador_2.c: 26: CHS2 = 0;
   993  0123  129F               	bcf	(253/8),(253)&7
   994                           	line	28
   995                           	
   996  0124                     i1l1762:	
   997                           ;temporizador_2.c: 28: INTF = 0;
   998  0124  108B               	bcf	(89/8),(89)&7
   999  0125  2926               	goto	i1l1764
  1000                           	line	29
  1001                           	
  1002  0126                     i1l693:	
  1003                           	line	32
  1004                           	
  1005  0126                     i1l1764:	
  1006                           ;temporizador_2.c: 29: }
  1007                           ;temporizador_2.c: 32: if(ADIF)
  1008  0126  1F0C               	btfss	(102/8),(102)&7
  1009  0127  2929               	goto	u2_21
  1010  0128  292A               	goto	u2_20
  1011  0129                     u2_21:
  1012  0129  2930               	goto	i1l1770
  1013  012A                     u2_20:
  1014                           	line	34
  1015                           	
  1016  012A                     i1l1766:	
  1017                           ;temporizador_2.c: 33: {
  1018                           ;temporizador_2.c: 34: data = ADRESH;
  1019  012A  081E               	movf	(30),w	;volatile
  1020  012B  00F0               	movwf	(??_routine+0)+0
  1021  012C  0870               	movf	(??_routine+0)+0,w
  1022  012D  00F9               	movwf	(_data)
  1023                           	line	36
  1024                           	
  1025  012E                     i1l1768:	
  1026                           ;temporizador_2.c: 36: ADIF = 0;
  1027  012E  130C               	bcf	(102/8),(102)&7
  1028  012F  2930               	goto	i1l1770
  1029                           	line	37
  1030                           	
  1031  0130                     i1l694:	
  1032                           	line	39
  1033                           	
  1034  0130                     i1l1770:	
  1035                           ;temporizador_2.c: 37: }
  1036                           ;temporizador_2.c: 39: if(TMR0IF)
  1037  0130  1D0B               	btfss	(90/8),(90)&7
  1038  0131  2933               	goto	u3_21
  1039  0132  2934               	goto	u3_20
  1040  0133                     u3_21:
  1041  0133  294F               	goto	i1l697
  1042  0134                     u3_20:
  1043                           	line	41
  1044                           	
  1045  0134                     i1l1772:	
  1046                           ;temporizador_2.c: 40: {
  1047                           ;temporizador_2.c: 41: count ++;
  1048  0134  3001               	movlw	(01h)
  1049  0135  00F0               	movwf	(??_routine+0)+0
  1050  0136  0870               	movf	(??_routine+0)+0,w
  1051  0137  07F8               	addwf	(_count),f
  1052                           	line	42
  1053                           	
  1054  0138                     i1l1774:	
  1055                           ;temporizador_2.c: 42: if(count == 153)
  1056  0138  0878               	movf	(_count),w
  1057  0139  3A99               	xorlw	099h
  1058  013A  1D03               	skipz
  1059  013B  293D               	goto	u4_21
  1060  013C  293E               	goto	u4_20
  1061  013D                     u4_21:
  1062  013D  294D               	goto	i1l1782
  1063  013E                     u4_20:
  1064                           	line	44
  1065                           	
  1066  013E                     i1l1776:	
  1067                           ;temporizador_2.c: 43: {
  1068                           ;temporizador_2.c: 44: GO_DONE = 1;
  1069  013E  151F               	bsf	(250/8),(250)&7
  1070                           	line	45
  1071                           ;temporizador_2.c: 45: RB1 = flag;
  1072  013F  187A               	btfsc	(_flag/8),(_flag)&7
  1073  0140  2942               	goto	u5_21
  1074  0141  2946               	goto	u5_20
  1075                           	
  1076  0142                     u5_21:
  1077  0142  1283               	bcf	status, 5	;RP0=0, select bank0
  1078  0143  1303               	bcf	status, 6	;RP1=0, select bank0
  1079  0144  1486               	bsf	(49/8),(49)&7
  1080  0145  2949               	goto	u6_24
  1081  0146                     u5_20:
  1082  0146  1283               	bcf	status, 5	;RP0=0, select bank0
  1083  0147  1303               	bcf	status, 6	;RP1=0, select bank0
  1084  0148  1086               	bcf	(49/8),(49)&7
  1085  0149                     u6_24:
  1086                           	line	46
  1087                           	
  1088  0149                     i1l1778:	
  1089                           ;temporizador_2.c: 46: flag = ~flag;
  1090  0149  3001               	movlw	1<<((_flag)&7)
  1091  014A  06FA               	xorwf	((_flag)/8),f
  1092                           	line	48
  1093                           	
  1094  014B                     i1l1780:	
  1095                           ;temporizador_2.c: 48: count = 0;
  1096  014B  01F8               	clrf	(_count)
  1097  014C  294D               	goto	i1l1782
  1098                           	line	49
  1099                           	
  1100  014D                     i1l696:	
  1101                           	line	51
  1102                           	
  1103  014D                     i1l1782:	
  1104                           ;temporizador_2.c: 49: }
  1105                           ;temporizador_2.c: 51: TMR0IF = 0;
  1106  014D  110B               	bcf	(90/8),(90)&7
  1107  014E  294F               	goto	i1l697
  1108                           	line	52
  1109                           	
  1110  014F                     i1l695:	
  1111                           	line	53
  1112                           	
  1113  014F                     i1l697:	
  1114  014F  0874               	movf	(??_routine+4),w
  1115  0150  00FF               	movwf	btemp+1
  1116  0151  0873               	movf	(??_routine+3),w
  1117  0152  008A               	movwf	pclath
  1118  0153  0872               	movf	(??_routine+2),w
  1119  0154  0084               	movwf	fsr0
  1120  0155  0E71               	swapf	(??_routine+1)^0FFFFFF80h,w
  1121  0156  0083               	movwf	status
  1122  0157  0EFE               	swapf	saved_w,f
  1123  0158  0E7E               	swapf	saved_w,w
  1124  0159  0009               	retfie
  1125                           	opt stack 0
  1126                           GLOBAL	__end_of_routine
  1127  015A                     	__end_of_routine:
  1128 ;; =============== function _routine ends ============
  1129                           
  1130                           	signat	_routine,88
  1131                           psect	text78,local,class=CODE,delta=2
  1132                           global __ptext78
  1133  0000                     __ptext78:
  1134                           	global	btemp
  1135  007E                     	btemp set 07Eh
  1136                           
  1137                           	DABS	1,126,2	;btemp
  1138                           	global	wtemp0
  1139  007E                     	wtemp0 set btemp


HI-TECH Software PICC Macro Assembler V9.83 build 10920 
Symbol Table                                                                                   Fri Oct 18 19:03:29 2013

                  _RD 0C60                    _WR 0C61                   l700 0108                   l701 010E  
                 l702 010F                   l703 0115                   l704 0117                   l705 0118  
                 l706 0119                   l707 0119                   _GIE 005F                   _RB1 0031  
                 _RB2 0032                   _RB3 0033                   _PS0 0408                   _PS1 0409  
                 _PS2 040A                   _PSA 040B                   fsr0 0004                  l2700 0042  
                l2710 0074                  l2702 0043                  l2720 00C4                  l2712 0084  
                l2704 0044                  l2730 0108                  l2722 00D4                  l2714 0094  
                l2706 0054                  l2650 001D                  l2642 0015                  l2732 010C  
                l2724 00E4                  l2716 00A4                  l2708 0064                  l2660 0024  
                l2652 001E                  l2644 0019                  l2734 0113                  l2726 00F4  
                l2718 00B4                  l2670 002D                  l2662 0027                  l2654 001F  
                l2646 001B                  l2728 0104                  l2680 0034                  l2672 0030  
                l2664 002A                  l2656 0020                  l2648 001C                  l2690 0039  
                l2682 0035                  l2674 0031                  l2666 002B                  l2658 0021  
                l2692 003A                  l2684 0036                  l2676 0032                  l2668 002C  
                l2694 003B                  l2686 0037                  l2678 0033                  l2696 003C  
                l2688 0038                  l2698 003F                  _ADIE 0466                  _ADIF 0066  
                _ADFM 04FF                  _ADON 00F8                  _CHS0 00FB                  _CHS1 00FC  
                _CHS2 00FD                  _T0CS 040D                  _T0SE 040C                  u2307 004D  
                u2317 005D                  u2407 00ED                  u2327 006D                  u2280 010C  
                u2281 010B                  u2417 00FD                  u2337 007D                  u2290 0113  
                u2291 0112                  u2347 008D                  u2357 009D                  u2367 00AD  
                u2377 00BD                  u2387 00CD                  u2397 00DD                  _PEIE 005E  
                _INTE 005C                  _INTF 0059                  _WREN 0C62                  u1_20 0120  
                u1_21 011F                  u2_20 012A                  u2_21 0129                  u3_20 0134  
                u3_21 0133                  u4_20 013E                  u4_21 013D                  u5_20 0146  
                u5_21 0142                  u6_24 0149                  _data 0079                  _flag 03D0  
                _main 0015                  btemp 007E                  start 0012                 _ADCS0 00FE  
               _ADCS1 00FF                 _ADCS2 04FE                 ?_main 0070                 _EEADR 010D  
               _CARRY 0018                 _PCFG0 04F8                 _PCFG1 04F9                 _PCFG2 04FA  
               _PCFG3 04FB                 i1l693 0126                 i1l694 0130                 i1l695 014F  
               i1l696 014D                 i1l697 014F                 _TRISB 0086                 _count 0078  
      __pbitbssCOMMON 03D0                 pclath 000A                 status 0003                 wtemp0 007E  
     __end_of_routine 015A          __end_of_main 011C                ??_main 0075                _ADRESH 001E  
              _EEDATA 010C                _EECON1 018C                _EECON2 018D                i1l1760 0123  
              i1l1770 0130                i1l1762 0124                i1l1754 011C                i1l1780 014B  
              i1l1772 0134                i1l1756 0120                i1l1764 0126                i1l1782 014D  
              i1l1774 0138                i1l1766 012A                i1l1758 0122                i1l1776 013E  
              i1l1768 012E                i1l1778 0149                _INTEDG 040E                _TMR0IE 005D  
              _TMR0IF 005A                _TRISA0 0428                _TRISA1 0429                _TRISB1 0431  
              _TRISB2 0432                _TRISB3 0433                saved_w 007E             ??_routine 0070  
      __pcstackCOMMON 0070            __pmaintext 0015            __pintentry 0004               _GO_DONE 00FA  
             _routine 011C  end_of_initialization 015D   start_initialization 015A           __pbssCOMMON 0078  
            ?_routine 0070     interrupt_function 0004              __ptext77 011C              __ptext78 0000  
    __size_of_routine 003E         __size_of_main 0107              intlevel1 0000  
