

HI-TECH Software PIC LITE Macro Assembler V9.82 build 9453 
                                                                                               Thu May 29 22:40:06 2014

HI-TECH Software Omniscient Code Generator (Lite mode) build 9453
     1  0000                     opt subtitle "HI-TECH Software Omniscient Code Generator (Lite mode) build 9453"
     2                           
     3                           opt pagewidth 120
     4                           
     5                           	opt lm
     6                           
     7                           	processor	16F877A
     8                           clrc	macro
     9                           	bcf	3,0
    10  0000                     	endm
    11                           clrz	macro
    12                           	bcf	3,2
    13  0000                     	endm
    14                           setc	macro
    15                           	bsf	3,0
    16  0000                     	endm
    17                           setz	macro
    18                           	bsf	3,2
    19  0000                     	endm
    20                           skipc	macro
    21                           	btfss	3,0
    22  0000                     	endm
    23                           skipz	macro
    24                           	btfss	3,2
    25  0000                     	endm
    26                           skipnc	macro
    27                           	btfsc	3,0
    28  0000                     	endm
    29                           skipnz	macro
    30                           	btfsc	3,2
    31  0000                     	endm
    32  0000                     indf	equ	0
    33  0000                     indf0	equ	0
    34  0002                     pc	equ	2
    35  0002                     pcl	equ	2
    36  0003                     status	equ	3
    37  0004                     fsr	equ	4
    38  0004                     fsr0	equ	4
    39  0001                     c	equ	1
    40  0000                     z	equ	0
    41  000A                     pclath	equ	10
    42                           	FNROOT	_main
    43                           	FNCALL	intlevel1,_interupt
    44                           	global	intlevel1
    45                           	FNROOT	intlevel1
    46                           	global	_data
    47                           	global	_ADRESH
    48                           psect	maintext,global,class=CODE,delta=2
    49                           global __pmaintext
    50  0015                     __pmaintext:
    51  001E                     _ADRESH	set	30
    52                           	global	_ADCS0
    53  00FE                     _ADCS0	set	254
    54                           	global	_ADCS1
    55  00FF                     _ADCS1	set	255
    56                           	global	_ADIF
    57  0066                     _ADIF	set	102
    58                           	global	_ADON
    59  00F8                     _ADON	set	248
    60                           	global	_CARRY
    61  0018                     _CARRY	set	24
    62                           	global	_CHS0
    63  00FB                     _CHS0	set	251
    64                           	global	_CHS1
    65  00FC                     _CHS1	set	252
    66                           	global	_CHS2
    67  00FD                     _CHS2	set	253
    68                           	global	_GIE
    69  005F                     _GIE	set	95
    70                           	global	_GO_DONE
    71  00FA                     _GO_DONE	set	250
    72                           	global	_PEIE
    73  005E                     _PEIE	set	94
    74                           	global	_RB1
    75  0031                     _RB1	set	49
    76                           	global	_RB2
    77  0032                     _RB2	set	50
    78                           	global	_RB3
    79  0033                     _RB3	set	51
    80                           	global	_TRISB
    81  0086                     _TRISB	set	134
    82                           	global	_ADCS2
    83  04FE                     _ADCS2	set	1278
    84                           	global	_ADFM
    85  04FF                     _ADFM	set	1279
    86                           	global	_ADIE
    87  0466                     _ADIE	set	1126
    88                           	global	_PCFG0
    89  04F8                     _PCFG0	set	1272
    90                           	global	_PCFG1
    91  04F9                     _PCFG1	set	1273
    92                           	global	_PCFG2
    93  04FA                     _PCFG2	set	1274
    94                           	global	_PCFG3
    95  04FB                     _PCFG3	set	1275
    96                           	global	_TRISA0
    97  0428                     _TRISA0	set	1064
    98                           	global	_TRISB1
    99  0431                     _TRISB1	set	1073
   100                           	global	_TRISB2
   101  0432                     _TRISB2	set	1074
   102                           	global	_TRISB3
   103  0433                     _TRISB3	set	1075
   104                           	global	_EEADR
   105  010D                     _EEADR	set	269
   106                           	global	_EEDATA
   107  010C                     _EEDATA	set	268
   108                           	global	_EECON1
   109  018C                     _EECON1	set	396
   110                           	global	_EECON2
   111  018D                     _EECON2	set	397
   112                           	global	_RD
   113  0C60                     _RD	set	3168
   114                           	global	_WR
   115  0C61                     _WR	set	3169
   116                           	global	_WREN
   117  0C62                     _WREN	set	3170
   118                           	file	"adc_simples.as"
   119                           	line	#
   120                           psect cinit,class=CODE,delta=2
   121                           global start_initialization
   122  00AE                     start_initialization:
   123                           
   124                           psect	bssCOMMON,class=COMMON,space=1
   125                           global __pbssCOMMON
   126  0077                     __pbssCOMMON:
   127  0077                     _data:
   128  0077                            ds      1
   129                           
   130                           ; Clear objects allocated to COMMON
   131                           psect cinit,class=CODE,delta=2
   132  00AE  01F7               	clrf	((__pbssCOMMON)+0)&07Fh
   133                           psect cinit,class=CODE,delta=2
   134                           global end_of_initialization
   135                           
   136                           ;End of C runtime variable initialization code
   137                           
   138  00AF                     end_of_initialization:
   139  00AF  0183               clrf status
   140  00B0  120A  118A  2815   ljmp _main	;jump to C main() function
   141                           psect	cstackCOMMON,class=COMMON,space=1
   142                           global __pcstackCOMMON
   143  0070                     __pcstackCOMMON:
   144                           	global	?_interupt
   145  0070                     ?_interupt:	; 0 bytes @ 0x0
   146                           	global	??_interupt
   147  0070                     ??_interupt:	; 0 bytes @ 0x0
   148                           	global	?_main
   149  0070                     ?_main:	; 0 bytes @ 0x0
   150  0070                     	ds	4
   151                           	global	??_main
   152  0074                     ??_main:	; 0 bytes @ 0x4
   153  0074                     	ds	3
   154 ;;Data sizes: Strings 0, constant 0, data 0, bss 1, persistent 0 stack 0
   155 ;;Auto spaces:   Size  Autos    Used
   156 ;; COMMON          14      7       8
   157 ;; BANK0           80      0       0
   158 ;; BANK1           80      0       0
   159 ;; BANK3           96      0       0
   160 ;; BANK2           96      0       0
   161                           
   162 ;;
   163 ;; Pointer list with targets:
   164                           
   165                           
   166                           
   167 ;;
   168 ;; Critical Paths under _main in COMMON
   169 ;;
   170 ;;   None.
   171 ;;
   172 ;; Critical Paths under _interupt in COMMON
   173 ;;
   174 ;;   None.
   175 ;;
   176 ;; Critical Paths under _main in BANK0
   177 ;;
   178 ;;   None.
   179 ;;
   180 ;; Critical Paths under _interupt in BANK0
   181 ;;
   182 ;;   None.
   183 ;;
   184 ;; Critical Paths under _main in BANK1
   185 ;;
   186 ;;   None.
   187 ;;
   188 ;; Critical Paths under _interupt in BANK1
   189 ;;
   190 ;;   None.
   191 ;;
   192 ;; Critical Paths under _main in BANK3
   193 ;;
   194 ;;   None.
   195 ;;
   196 ;; Critical Paths under _interupt in BANK3
   197 ;;
   198 ;;   None.
   199 ;;
   200 ;; Critical Paths under _main in BANK2
   201 ;;
   202 ;;   None.
   203 ;;
   204 ;; Critical Paths under _interupt in BANK2
   205 ;;
   206 ;;   None.
   207                           
   208 ;;
   209 ;;Main: autosize = 0, tempsize = 3, incstack = 0, save=0
   210 ;;
   211                           
   212 ;;
   213 ;;Call Graph Tables:
   214 ;;
   215 ;; ---------------------------------------------------------------------------------
   216 ;; (Depth) Function   	        Calls       Base Space   Used Autos Params    Refs
   217 ;; ---------------------------------------------------------------------------------
   218 ;; (0) _main                                                 3     3      0       0
   219 ;;                                              4 COMMON     3     3      0
   220 ;; ---------------------------------------------------------------------------------
   221 ;; Estimated maximum stack depth 0
   222 ;; ---------------------------------------------------------------------------------
   223 ;; (Depth) Function   	        Calls       Base Space   Used Autos Params    Refs
   224 ;; ---------------------------------------------------------------------------------
   225 ;; (1) _interupt                                             4     4      0       0
   226 ;;                                              0 COMMON     4     4      0
   227 ;; ---------------------------------------------------------------------------------
   228 ;; Estimated maximum stack depth 1
   229 ;; ---------------------------------------------------------------------------------
   230                           
   231 ;; Call Graph Graphs:
   232                           
   233 ;; _main (ROOT)
   234 ;;
   235 ;; _interupt (ROOT)
   236 ;;
   237                           
   238 ;; Address spaces:
   239                           
   240 ;;Name               Size   Autos  Total    Cost      Usage
   241 ;;BITCOMMON            E      0       0       0        0.0%
   242 ;;EEDATA             100      0       0       0        0.0%
   243 ;;NULL                 0      0       0       0        0.0%
   244 ;;CODE                 0      0       0       0        0.0%
   245 ;;COMMON               E      7       8       1       57.1%
   246 ;;BITSFR0              0      0       0       1        0.0%
   247 ;;SFR0                 0      0       0       1        0.0%
   248 ;;BITSFR1              0      0       0       2        0.0%
   249 ;;SFR1                 0      0       0       2        0.0%
   250 ;;STACK                0      0       0       2        0.0%
   251 ;;ABS                  0      0       8       3        0.0%
   252 ;;BITBANK0            50      0       0       4        0.0%
   253 ;;BITSFR3              0      0       0       4        0.0%
   254 ;;SFR3                 0      0       0       4        0.0%
   255 ;;BANK0               50      0       0       5        0.0%
   256 ;;BITSFR2              0      0       0       5        0.0%
   257 ;;SFR2                 0      0       0       5        0.0%
   258 ;;BITBANK1            50      0       0       6        0.0%
   259 ;;BANK1               50      0       0       7        0.0%
   260 ;;BITBANK3            60      0       0       8        0.0%
   261 ;;BANK3               60      0       0       9        0.0%
   262 ;;BITBANK2            60      0       0      10        0.0%
   263 ;;BANK2               60      0       0      11        0.0%
   264 ;;DATA                 0      0       8      12        0.0%
   265                           
   266                           	global	_main
   267                           psect	maintext
   268                           
   269 ;; *************** function _main *****************
   270 ;; Defined at:
   271 ;;		line 27 in file "C:\Users\Felipe\Desktop\7º semestre\Microcontroladores - Felipe, Gugu e Bia\adc_simples\adc_simples
       .c"
   272 ;; Parameters:    Size  Location     Type
   273 ;;		None
   274 ;; Auto vars:     Size  Location     Type
   275 ;;		None
   276 ;; Return value:  Size  Location     Type
   277 ;;		None               void
   278 ;; Registers used:
   279 ;;		wreg
   280 ;; Tracked objects:
   281 ;;		On entry : 17F/0
   282 ;;		On exit  : 0/0
   283 ;;		Unchanged: 0/0
   284 ;; Data sizes:     COMMON   BANK0   BANK1   BANK3   BANK2
   285 ;;      Params:         0       0       0       0       0
   286 ;;      Locals:         0       0       0       0       0
   287 ;;      Temps:          3       0       0       0       0
   288 ;;      Totals:         3       0       0       0       0
   289 ;;Total ram usage:        3 bytes
   290 ;; Hardware stack levels required when called:    1
   291 ;; This function calls:
   292 ;;		Nothing
   293 ;; This function is called by:
   294 ;;		Startup code after reset
   295 ;; This function uses a non-reentrant model
   296 ;;
   297                           psect	maintext
   298                           	file	"C:\Users\Felipe\Desktop\7º semestre\Microcontroladores - Felipe, Gugu e Bia\adc_s
                                 imples\adc_simples.c"
   299                           	line	27
   300                           	global	__size_of_main
   301  008E                     	__size_of_main	equ	__end_of_main-_main
   302                           	
   303  0015                     _main:	
   304                           	opt	stack 7
   305                           ; Regs used in _main: [wreg]
   306                           	line	28
   307                           	
   308  0015                     l2609:	
   309                           # 28 "C:\Users\Felipe\Desktop\7º semestre\Microcontroladores - Felipe, Gugu e Bia\adc_si
                                 mples\adc_simples.c"
   310                           	psect config,class=CONFIG,delta=2 ;#
   311                           # 28 "C:\Users\Felipe\Desktop\7º semestre\Microcontroladores - Felipe, Gugu e Bia\adc_si
                                 mples\adc_simples.c"
   312  2007  FF3A               	dw 0xFFFF & 0xFFFB & 0xFFBF & 0xFFFF & 0xFFFE & 0xFFFF & 0xFF7F & 0xFFFF ;#
   313                           psect	maintext
   314                           	line	30
   315                           ;adc_simples.c: 30: TRISA0 = 1;
   316  0015  1683               	bsf	status, 5	;RP0=1, select bank1
   317  0016  1303               	bcf	status, 6	;RP1=0, select bank1
   318  0017  1405               	bsf	(1064/8)^080h,(1064)&7
   319                           	line	32
   320                           	
   321  0018                     l2611:	
   322                           ;adc_simples.c: 32: TRISB = 0b11111111;
   323  0018  30FF               	movlw	(0FFh)
   324  0019  0086               	movwf	(134)^080h	;volatile
   325                           	line	33
   326                           	
   327  001A                     l2613:	
   328                           ;adc_simples.c: 33: TRISB1 = 0;
   329  001A  1086               	bcf	(1073/8)^080h,(1073)&7
   330                           	line	34
   331                           	
   332  001B                     l2615:	
   333                           ;adc_simples.c: 34: TRISB2 = 0;
   334  001B  1106               	bcf	(1074/8)^080h,(1074)&7
   335                           	line	35
   336                           	
   337  001C                     l2617:	
   338                           ;adc_simples.c: 35: TRISB3 = 0;
   339  001C  1186               	bcf	(1075/8)^080h,(1075)&7
   340                           	line	40
   341                           	
   342  001D                     l2619:	
   343                           ;adc_simples.c: 40: ADCS1 = 1;
   344  001D  1283               	bcf	status, 5	;RP0=0, select bank0
   345  001E  1303               	bcf	status, 6	;RP1=0, select bank0
   346  001F  179F               	bsf	(255/8),(255)&7
   347                           	line	41
   348                           	
   349  0020                     l2621:	
   350                           ;adc_simples.c: 41: ADCS2 = 1;
   351  0020  1683               	bsf	status, 5	;RP0=1, select bank1
   352  0021  1303               	bcf	status, 6	;RP1=0, select bank1
   353  0022  171F               	bsf	(1278/8)^080h,(1278)&7
   354                           	line	42
   355                           	
   356  0023                     l2623:	
   357                           ;adc_simples.c: 42: ADCS0 = 0;
   358  0023  1283               	bcf	status, 5	;RP0=0, select bank0
   359  0024  1303               	bcf	status, 6	;RP1=0, select bank0
   360  0025  131F               	bcf	(254/8),(254)&7
   361                           	line	44
   362                           	
   363  0026                     l2625:	
   364                           ;adc_simples.c: 44: CHS0 = 0;
   365  0026  119F               	bcf	(251/8),(251)&7
   366                           	line	45
   367                           	
   368  0027                     l2627:	
   369                           ;adc_simples.c: 45: CHS1 = 0;
   370  0027  121F               	bcf	(252/8),(252)&7
   371                           	line	46
   372                           	
   373  0028                     l2629:	
   374                           ;adc_simples.c: 46: CHS2 = 0;
   375  0028  129F               	bcf	(253/8),(253)&7
   376                           	line	48
   377                           	
   378  0029                     l2631:	
   379                           ;adc_simples.c: 48: ADFM = 0;
   380  0029  1683               	bsf	status, 5	;RP0=1, select bank1
   381  002A  1303               	bcf	status, 6	;RP1=0, select bank1
   382  002B  139F               	bcf	(1279/8)^080h,(1279)&7
   383                           	line	50
   384                           	
   385  002C                     l2633:	
   386                           ;adc_simples.c: 50: PCFG3 = 1;
   387  002C  159F               	bsf	(1275/8)^080h,(1275)&7
   388                           	line	51
   389                           	
   390  002D                     l2635:	
   391                           ;adc_simples.c: 51: PCFG2 = 1;
   392  002D  151F               	bsf	(1274/8)^080h,(1274)&7
   393                           	line	52
   394                           	
   395  002E                     l2637:	
   396                           ;adc_simples.c: 52: PCFG1 = 1;
   397  002E  149F               	bsf	(1273/8)^080h,(1273)&7
   398                           	line	53
   399                           	
   400  002F                     l2639:	
   401                           ;adc_simples.c: 53: PCFG0 = 0;
   402  002F  101F               	bcf	(1272/8)^080h,(1272)&7
   403                           	line	55
   404                           	
   405  0030                     l2641:	
   406                           ;adc_simples.c: 55: ADIF = 0;
   407  0030  1283               	bcf	status, 5	;RP0=0, select bank0
   408  0031  1303               	bcf	status, 6	;RP1=0, select bank0
   409  0032  130C               	bcf	(102/8),(102)&7
   410                           	line	56
   411                           	
   412  0033                     l2643:	
   413                           ;adc_simples.c: 56: ADIE = 0;
   414  0033  1683               	bsf	status, 5	;RP0=1, select bank1
   415  0034  1303               	bcf	status, 6	;RP1=0, select bank1
   416  0035  130C               	bcf	(1126/8)^080h,(1126)&7
   417                           	line	57
   418                           	
   419  0036                     l2645:	
   420                           ;adc_simples.c: 57: PEIE = 1;
   421  0036  170B               	bsf	(94/8),(94)&7
   422                           	line	58
   423                           	
   424  0037                     l2647:	
   425                           ;adc_simples.c: 58: GIE = 1;
   426  0037  178B               	bsf	(95/8),(95)&7
   427                           	line	63
   428                           	
   429  0038                     l2649:	
   430                           ;adc_simples.c: 63: RB1 = 1;
   431  0038  1283               	bcf	status, 5	;RP0=0, select bank0
   432  0039  1303               	bcf	status, 6	;RP1=0, select bank0
   433  003A  1486               	bsf	(49/8),(49)&7
   434                           	line	64
   435                           ;adc_simples.c: 64: _delay((unsigned long)((500)*(20000000/4000.0)));
   436                           	opt asmopt_off
   437  003B  300D               movlw  13
   438  003C  00F6               movwf	((??_main+0)+0+2),f
   439  003D  30AF               movlw	175
   440  003E  00F5               movwf	((??_main+0)+0+1),f
   441  003F  30C1               	movlw	193
   442  0040  00F4               movwf	((??_main+0)+0),f
   443  0041                     u2267:
   444  0041  0BF4               	decfsz	((??_main+0)+0),f
   445  0042  2841               	goto	u2267
   446  0043  0BF5               	decfsz	((??_main+0)+0+1),f
   447  0044  2841               	goto	u2267
   448  0045  0BF6               	decfsz	((??_main+0)+0+2),f
   449  0046  2841               	goto	u2267
   450  0047  0064               	clrwdt
   451                           opt asmopt_on
   452                           
   453                           	line	65
   454                           	
   455  0048                     l2651:	
   456                           ;adc_simples.c: 65: RB1 = 0;
   457  0048  1283               	bcf	status, 5	;RP0=0, select bank0
   458  0049  1303               	bcf	status, 6	;RP1=0, select bank0
   459  004A  1086               	bcf	(49/8),(49)&7
   460                           	line	66
   461                           ;adc_simples.c: 66: _delay((unsigned long)((500)*(20000000/4000.0)));
   462                           	opt asmopt_off
   463  004B  300D               movlw  13
   464  004C  00F6               movwf	((??_main+0)+0+2),f
   465  004D  30AF               movlw	175
   466  004E  00F5               movwf	((??_main+0)+0+1),f
   467  004F  30C1               	movlw	193
   468  0050  00F4               movwf	((??_main+0)+0),f
   469  0051                     u2277:
   470  0051  0BF4               	decfsz	((??_main+0)+0),f
   471  0052  2851               	goto	u2277
   472  0053  0BF5               	decfsz	((??_main+0)+0+1),f
   473  0054  2851               	goto	u2277
   474  0055  0BF6               	decfsz	((??_main+0)+0+2),f
   475  0056  2851               	goto	u2277
   476  0057  0064               	clrwdt
   477                           opt asmopt_on
   478                           
   479                           	line	67
   480                           	
   481  0058                     l2653:	
   482                           ;adc_simples.c: 67: RB1 = 1;
   483  0058  1283               	bcf	status, 5	;RP0=0, select bank0
   484  0059  1303               	bcf	status, 6	;RP1=0, select bank0
   485  005A  1486               	bsf	(49/8),(49)&7
   486                           	line	68
   487                           ;adc_simples.c: 68: _delay((unsigned long)((500)*(20000000/4000.0)));
   488                           	opt asmopt_off
   489  005B  300D               movlw  13
   490  005C  00F6               movwf	((??_main+0)+0+2),f
   491  005D  30AF               movlw	175
   492  005E  00F5               movwf	((??_main+0)+0+1),f
   493  005F  30C1               	movlw	193
   494  0060  00F4               movwf	((??_main+0)+0),f
   495  0061                     u2287:
   496  0061  0BF4               	decfsz	((??_main+0)+0),f
   497  0062  2861               	goto	u2287
   498  0063  0BF5               	decfsz	((??_main+0)+0+1),f
   499  0064  2861               	goto	u2287
   500  0065  0BF6               	decfsz	((??_main+0)+0+2),f
   501  0066  2861               	goto	u2287
   502  0067  0064               	clrwdt
   503                           opt asmopt_on
   504                           
   505                           	line	69
   506                           	
   507  0068                     l2655:	
   508                           ;adc_simples.c: 69: RB1 = 0;
   509  0068  1283               	bcf	status, 5	;RP0=0, select bank0
   510  0069  1303               	bcf	status, 6	;RP1=0, select bank0
   511  006A  1086               	bcf	(49/8),(49)&7
   512                           	line	70
   513                           ;adc_simples.c: 70: _delay((unsigned long)((500)*(20000000/4000.0)));
   514                           	opt asmopt_off
   515  006B  300D               movlw  13
   516  006C  00F6               movwf	((??_main+0)+0+2),f
   517  006D  30AF               movlw	175
   518  006E  00F5               movwf	((??_main+0)+0+1),f
   519  006F  30C1               	movlw	193
   520  0070  00F4               movwf	((??_main+0)+0),f
   521  0071                     u2297:
   522  0071  0BF4               	decfsz	((??_main+0)+0),f
   523  0072  2871               	goto	u2297
   524  0073  0BF5               	decfsz	((??_main+0)+0+1),f
   525  0074  2871               	goto	u2297
   526  0075  0BF6               	decfsz	((??_main+0)+0+2),f
   527  0076  2871               	goto	u2297
   528  0077  0064               	clrwdt
   529                           opt asmopt_on
   530                           
   531                           	line	73
   532                           	
   533  0078                     l2657:	
   534                           ;adc_simples.c: 73: ADON = 1;
   535  0078  1283               	bcf	status, 5	;RP0=0, select bank0
   536  0079  1303               	bcf	status, 6	;RP1=0, select bank0
   537  007A  141F               	bsf	(248/8),(248)&7
   538                           	line	75
   539                           	
   540  007B                     l2659:	
   541                           ;adc_simples.c: 75: GO_DONE = 1;
   542  007B  151F               	bsf	(250/8),(250)&7
   543  007C  287D               	goto	l2661
   544                           	line	77
   545                           ;adc_simples.c: 77: while(1)
   546                           	
   547  007D                     l692:	
   548                           	line	80
   549                           	
   550  007D                     l2661:	
   551                           ;adc_simples.c: 78: {
   552                           ;adc_simples.c: 80: GO_DONE = 1;
   553  007D  151F               	bsf	(250/8),(250)&7
   554                           	line	82
   555                           ;adc_simples.c: 82: while(GO_DONE);
   556  007E  287F               	goto	l693
   557                           	
   558  007F                     l694:	
   559                           	
   560  007F                     l693:	
   561  007F  191F               	btfsc	(250/8),(250)&7
   562  0080  2882               	goto	u2221
   563  0081  2883               	goto	u2220
   564  0082                     u2221:
   565  0082  287F               	goto	l693
   566  0083                     u2220:
   567  0083  2884               	goto	l2663
   568                           	
   569  0084                     l695:	
   570                           	line	84
   571                           	
   572  0084                     l2663:	
   573                           ;adc_simples.c: 84: data = ADRESH;
   574  0084  081E               	movf	(30),w	;volatile
   575  0085  00F4               	movwf	(??_main+0)+0
   576  0086  0874               	movf	(??_main+0)+0,w
   577  0087  00F7               	movwf	(_data)
   578                           	line	87
   579                           	
   580  0088                     l2665:	
   581                           ;adc_simples.c: 87: if((data&0b10000000) == 0b10000000){RB3=1;}else{RB3=0;}
   582  0088  1FF7               	btfss	(_data),(7)&7
   583  0089  288B               	goto	u2231
   584  008A  288C               	goto	u2230
   585  008B                     u2231:
   586  008B  288E               	goto	l696
   587  008C                     u2230:
   588                           	
   589  008C                     l2667:	
   590  008C  1586               	bsf	(51/8),(51)&7
   591  008D  288F               	goto	l697
   592                           	
   593  008E                     l696:	
   594  008E  1186               	bcf	(51/8),(51)&7
   595                           	
   596  008F                     l697:	
   597                           	line	88
   598                           ;adc_simples.c: 88: if((data&0b01000000) == 0b01000000){RB2=1;}else{RB2=0;}
   599  008F  1F77               	btfss	(_data),(6)&7
   600  0090  2892               	goto	u2241
   601  0091  2893               	goto	u2240
   602  0092                     u2241:
   603  0092  2895               	goto	l698
   604  0093                     u2240:
   605                           	
   606  0093                     l2669:	
   607  0093  1506               	bsf	(50/8),(50)&7
   608  0094  2896               	goto	l699
   609                           	
   610  0095                     l698:	
   611  0095  1106               	bcf	(50/8),(50)&7
   612                           	
   613  0096                     l699:	
   614                           	line	89
   615                           ;adc_simples.c: 89: if((data&0b00100000) == 0b00100000){RB1=1;}else{RB1=0;}
   616  0096  1EF7               	btfss	(_data),(5)&7
   617  0097  2899               	goto	u2251
   618  0098  289A               	goto	u2250
   619  0099                     u2251:
   620  0099  289C               	goto	l700
   621  009A                     u2250:
   622                           	
   623  009A                     l2671:	
   624  009A  1486               	bsf	(49/8),(49)&7
   625  009B  287D               	goto	l2661
   626                           	
   627  009C                     l700:	
   628  009C  1086               	bcf	(49/8),(49)&7
   629  009D  287D               	goto	l2661
   630                           	
   631  009E                     l701:	
   632  009E  287D               	goto	l2661
   633                           	line	92
   634                           	
   635  009F                     l702:	
   636                           	line	77
   637  009F  287D               	goto	l2661
   638                           	
   639  00A0                     l703:	
   640                           	line	94
   641                           	
   642  00A0                     l704:	
   643                           	global	start
   644  00A0  120A  118A  2812   	ljmp	start
   645                           	opt stack 0
   646                           GLOBAL	__end_of_main
   647  00A3                     	__end_of_main:
   648 ;; =============== function _main ends ============
   649                           
   650                           	signat	_main,88
   651                           	global	_interupt
   652                           psect	text71,local,class=CODE,delta=2
   653                           global __ptext71
   654  00A3                     __ptext71:
   655                           
   656 ;; *************** function _interupt *****************
   657 ;; Defined at:
   658 ;;		line 18 in file "C:\Users\Felipe\Desktop\7º semestre\Microcontroladores - Felipe, Gugu e Bia\adc_simples\adc_simples
       .c"
   659 ;; Parameters:    Size  Location     Type
   660 ;;		None
   661 ;; Auto vars:     Size  Location     Type
   662 ;;		None
   663 ;; Return value:  Size  Location     Type
   664 ;;		None               void
   665 ;; Registers used:
   666 ;;		None
   667 ;; Tracked objects:
   668 ;;		On entry : 0/0
   669 ;;		On exit  : 0/0
   670 ;;		Unchanged: 0/0
   671 ;; Data sizes:     COMMON   BANK0   BANK1   BANK3   BANK2
   672 ;;      Params:         0       0       0       0       0
   673 ;;      Locals:         0       0       0       0       0
   674 ;;      Temps:          4       0       0       0       0
   675 ;;      Totals:         4       0       0       0       0
   676 ;;Total ram usage:        4 bytes
   677 ;; Hardware stack levels used:    1
   678 ;; This function calls:
   679 ;;		Nothing
   680 ;; This function is called by:
   681 ;;		Interrupt level 1
   682 ;; This function uses a non-reentrant model
   683 ;;
   684                           psect	text71
   685                           	file	"C:\Users\Felipe\Desktop\7º semestre\Microcontroladores - Felipe, Gugu e Bia\adc_s
                                 imples\adc_simples.c"
   686                           	line	18
   687                           	global	__size_of_interupt
   688  000B                     	__size_of_interupt	equ	__end_of_interupt-_interupt
   689                           	
   690  00A3                     _interupt:	
   691                           	opt	stack 7
   692                           ; Regs used in _interupt: []
   693                           psect	intentry,class=CODE,delta=2
   694                           global __pintentry
   695  0004                     __pintentry:
   696                           global interrupt_function
   697  0004                     interrupt_function:
   698                           	global saved_w
   699  007E                     	saved_w	set	btemp+0
   700  0004  00FE               	movwf	saved_w
   701  0005  0E03               	swapf	status,w
   702  0006  00F0               	movwf	(??_interupt+0)
   703  0007  0804               	movf	fsr0,w
   704  0008  00F1               	movwf	(??_interupt+1)
   705  0009  080A               	movf	pclath,w
   706  000A  00F2               	movwf	(??_interupt+2)
   707  000B  1283               	bcf	status, 5	;RP0=0, select bank0
   708  000C  1303               	bcf	status, 6	;RP1=0, select bank0
   709  000D  087F               	movf	btemp+1,w
   710  000E  00F3               	movwf	(??_interupt+3)
   711  000F  120A  118A  28A3   	ljmp	_interupt
   712                           psect	text71
   713                           	line	20
   714                           	
   715  00A3                     i1l689:	
   716  00A3  0873               	movf	(??_interupt+3),w
   717  00A4  00FF               	movwf	btemp+1
   718  00A5  0872               	movf	(??_interupt+2),w
   719  00A6  008A               	movwf	pclath
   720  00A7  0871               	movf	(??_interupt+1),w
   721  00A8  0084               	movwf	fsr0
   722  00A9  0E70               	swapf	(??_interupt+0)^0FFFFFF80h,w
   723  00AA  0083               	movwf	status
   724  00AB  0EFE               	swapf	saved_w,f
   725  00AC  0E7E               	swapf	saved_w,w
   726  00AD  0009               	retfie
   727                           	opt stack 0
   728                           GLOBAL	__end_of_interupt
   729  00AE                     	__end_of_interupt:
   730 ;; =============== function _interupt ends ============
   731                           
   732                           	signat	_interupt,88
   733                           psect	text72,local,class=CODE,delta=2
   734                           global __ptext72
   735  0000                     __ptext72:
   736                           	global	btemp
   737  007E                     	btemp set 07Eh
   738                           
   739                           	DABS	1,126,2	;btemp
   740                           	global	wtemp0
   741  007E                     	wtemp0 set btemp


HI-TECH Software PICC Macro Assembler V9.82 build 9453 
Symbol Table                                                                                   Thu May 29 22:40:06 2014

                  _RD 0C60                    _WR 0C61                   l700 009C                   l701 009E  
                 l702 009F                   l703 00A0                   l704 00A0                   l692 007D  
                 l693 007F                   l694 007F                   l695 0084                   l696 008E  
                 l697 008F                   l698 0095                   l699 0096                   _GIE 005F  
                 _RB1 0031                   _RB2 0032                   _RB3 0033                   fsr0 0004  
                l2611 0018                  l2621 0020                  l2613 001A                  l2631 0029  
                l2623 0023                  l2615 001B                  l2641 0030                  l2633 002C  
                l2625 0026                  l2617 001C                  l2609 0015                  l2651 0048  
                l2643 0033                  l2635 002D                  l2627 0027                  l2619 001D  
                l2661 007D                  l2653 0058                  l2645 0036                  l2637 002E  
                l2629 0028                  l2671 009A                  l2663 0084                  l2655 0068  
                l2647 0037                  l2639 002F                  l2665 0088                  l2657 0078  
                l2649 0038                  l2667 008C                  l2659 007B                  l2669 0093  
                _ADIE 0466                  _ADIF 0066                  _ADFM 04FF                  _ADON 00F8  
                _CHS0 00FB                  _CHS1 00FC                  _CHS2 00FD                  u2220 0083  
                u2221 0082                  u2230 008C                  u2231 008B                  u2240 0093  
                u2241 0092                  u2250 009A                  u2251 0099                  u2267 0041  
                u2277 0051                  u2287 0061                  u2297 0071                  _PEIE 005E  
                _WREN 0C62                  _data 0077                  _main 0015                  btemp 007E  
                start 0012                 _ADCS0 00FE                 _ADCS1 00FF                 _ADCS2 04FE  
               ?_main 0070                 _EEADR 010D                 _CARRY 0018                 _PCFG0 04F8  
               _PCFG1 04F9                 _PCFG2 04FA                 _PCFG3 04FB                 i1l689 00A3  
               _TRISB 0086                 pclath 000A                 status 0003                 wtemp0 007E  
        __end_of_main 00A3                ??_main 0074                _ADRESH 001E                _EEDATA 010C  
              _EECON1 018C                _EECON2 018D                _TRISA0 0428                _TRISB1 0431  
              _TRISB2 0432                _TRISB3 0433      __end_of_interupt 00AE                saved_w 007E  
      __pcstackCOMMON 0070            __pmaintext 0015            __pintentry 0004               _GO_DONE 00FA  
           ?_interupt 0070  end_of_initialization 00AF            ??_interupt 0070   start_initialization 00AE  
         __pbssCOMMON 0077     __size_of_interupt 000B     interrupt_function 0004              __ptext71 00A3  
            __ptext72 0000         __size_of_main 008E              _interupt 00A3              intlevel1 0000  
